<?xml version="1.0" encoding="UTF-8"?>
<testsuite xmlns:xsi="http://www.w3.org/2001/XMLSchema-instance" xsi:noNamespaceSchemaLocation="https://maven.apache.org/surefire/maven-surefire-plugin/xsd/surefire-test-report.xsd" name="com.tying.CodeGeneratorTest" time="4.203" tests="1" errors="1" skipped="0" failures="0">
  <properties>
    <property name="sun.desktop" value="windows"/>
    <property name="awt.toolkit" value="sun.awt.windows.WToolkit"/>
    <property name="file.encoding.pkg" value="sun.io"/>
    <property name="java.specification.version" value="1.8"/>
    <property name="sun.cpu.isalist" value="amd64"/>
    <property name="sun.jnu.encoding" value="GBK"/>
    <property name="java.class.path" value="G:\JavaThings\JavaCode\TyingVideoAPI\SpringBootWebBackend\target\test-classes;G:\JavaThings\JavaCode\TyingVideoAPI\SpringBootWebBackend\target\classes;F:\AppData\MavenRepository\org\springframework\boot\spring-boot-starter-web\2.5.0\spring-boot-starter-web-2.5.0.jar;F:\AppData\MavenRepository\org\springframework\boot\spring-boot-starter\2.5.0\spring-boot-starter-2.5.0.jar;F:\AppData\MavenRepository\org\springframework\boot\spring-boot\2.5.0\spring-boot-2.5.0.jar;F:\AppData\MavenRepository\org\springframework\boot\spring-boot-starter-logging\2.5.0\spring-boot-starter-logging-2.5.0.jar;F:\AppData\MavenRepository\ch\qos\logback\logback-classic\1.2.3\logback-classic-1.2.3.jar;F:\AppData\MavenRepository\ch\qos\logback\logback-core\1.2.3\logback-core-1.2.3.jar;F:\AppData\MavenRepository\org\apache\logging\log4j\log4j-to-slf4j\2.14.1\log4j-to-slf4j-2.14.1.jar;F:\AppData\MavenRepository\org\apache\logging\log4j\log4j-api\2.14.1\log4j-api-2.14.1.jar;F:\AppData\MavenRepository\org\slf4j\jul-to-slf4j\1.7.30\jul-to-slf4j-1.7.30.jar;F:\AppData\MavenRepository\jakarta\annotation\jakarta.annotation-api\1.3.5\jakarta.annotation-api-1.3.5.jar;F:\AppData\MavenRepository\org\yaml\snakeyaml\1.28\snakeyaml-1.28.jar;F:\AppData\MavenRepository\org\springframework\boot\spring-boot-starter-json\2.5.0\spring-boot-starter-json-2.5.0.jar;F:\AppData\MavenRepository\com\fasterxml\jackson\datatype\jackson-datatype-jdk8\2.12.3\jackson-datatype-jdk8-2.12.3.jar;F:\AppData\MavenRepository\com\fasterxml\jackson\datatype\jackson-datatype-jsr310\2.12.3\jackson-datatype-jsr310-2.12.3.jar;F:\AppData\MavenRepository\com\fasterxml\jackson\module\jackson-module-parameter-names\2.12.3\jackson-module-parameter-names-2.12.3.jar;F:\AppData\MavenRepository\org\springframework\boot\spring-boot-starter-tomcat\2.5.0\spring-boot-starter-tomcat-2.5.0.jar;F:\AppData\MavenRepository\org\apache\tomcat\embed\tomcat-embed-core\9.0.46\tomcat-embed-core-9.0.46.jar;F:\AppData\MavenRepository\org\apache\tomcat\embed\tomcat-embed-el\9.0.46\tomcat-embed-el-9.0.46.jar;F:\AppData\MavenRepository\org\apache\tomcat\embed\tomcat-embed-websocket\9.0.46\tomcat-embed-websocket-9.0.46.jar;F:\AppData\MavenRepository\org\springframework\spring-web\5.3.7\spring-web-5.3.7.jar;F:\AppData\MavenRepository\org\springframework\spring-beans\5.3.7\spring-beans-5.3.7.jar;F:\AppData\MavenRepository\org\springframework\spring-webmvc\5.3.7\spring-webmvc-5.3.7.jar;F:\AppData\MavenRepository\org\springframework\spring-context\5.3.7\spring-context-5.3.7.jar;F:\AppData\MavenRepository\org\springframework\spring-expression\5.3.7\spring-expression-5.3.7.jar;F:\AppData\MavenRepository\org\projectlombok\lombok\1.18.20\lombok-1.18.20.jar;F:\AppData\MavenRepository\org\springframework\boot\spring-boot-configuration-processor\2.5.0\spring-boot-configuration-processor-2.5.0.jar;F:\AppData\MavenRepository\org\springframework\boot\spring-boot-starter-test\2.5.0\spring-boot-starter-test-2.5.0.jar;F:\AppData\MavenRepository\org\springframework\boot\spring-boot-test\2.5.0\spring-boot-test-2.5.0.jar;F:\AppData\MavenRepository\org\springframework\boot\spring-boot-test-autoconfigure\2.5.0\spring-boot-test-autoconfigure-2.5.0.jar;F:\AppData\MavenRepository\com\jayway\jsonpath\json-path\2.5.0\json-path-2.5.0.jar;F:\AppData\MavenRepository\net\minidev\json-smart\2.4.7\json-smart-2.4.7.jar;F:\AppData\MavenRepository\net\minidev\accessors-smart\2.4.7\accessors-smart-2.4.7.jar;F:\AppData\MavenRepository\org\ow2\asm\asm\9.1\asm-9.1.jar;F:\AppData\MavenRepository\org\slf4j\slf4j-api\1.7.30\slf4j-api-1.7.30.jar;F:\AppData\MavenRepository\jakarta\xml\bind\jakarta.xml.bind-api\2.3.3\jakarta.xml.bind-api-2.3.3.jar;F:\AppData\MavenRepository\jakarta\activation\jakarta.activation-api\1.2.2\jakarta.activation-api-1.2.2.jar;F:\AppData\MavenRepository\org\assertj\assertj-core\3.19.0\assertj-core-3.19.0.jar;F:\AppData\MavenRepository\org\hamcrest\hamcrest\2.2\hamcrest-2.2.jar;F:\AppData\MavenRepository\org\junit\jupiter\junit-jupiter\5.7.2\junit-jupiter-5.7.2.jar;F:\AppData\MavenRepository\org\junit\jupiter\junit-jupiter-api\5.7.2\junit-jupiter-api-5.7.2.jar;F:\AppData\MavenRepository\org\apiguardian\apiguardian-api\1.1.0\apiguardian-api-1.1.0.jar;F:\AppData\MavenRepository\org\opentest4j\opentest4j\1.2.0\opentest4j-1.2.0.jar;F:\AppData\MavenRepository\org\junit\platform\junit-platform-commons\1.7.2\junit-platform-commons-1.7.2.jar;F:\AppData\MavenRepository\org\junit\jupiter\junit-jupiter-params\5.7.2\junit-jupiter-params-5.7.2.jar;F:\AppData\MavenRepository\org\junit\jupiter\junit-jupiter-engine\5.7.2\junit-jupiter-engine-5.7.2.jar;F:\AppData\MavenRepository\org\junit\platform\junit-platform-engine\1.7.2\junit-platform-engine-1.7.2.jar;F:\AppData\MavenRepository\org\mockito\mockito-core\3.9.0\mockito-core-3.9.0.jar;F:\AppData\MavenRepository\net\bytebuddy\byte-buddy\1.10.22\byte-buddy-1.10.22.jar;F:\AppData\MavenRepository\net\bytebuddy\byte-buddy-agent\1.10.22\byte-buddy-agent-1.10.22.jar;F:\AppData\MavenRepository\org\objenesis\objenesis\3.2\objenesis-3.2.jar;F:\AppData\MavenRepository\org\mockito\mockito-junit-jupiter\3.9.0\mockito-junit-jupiter-3.9.0.jar;F:\AppData\MavenRepository\org\skyscreamer\jsonassert\1.5.0\jsonassert-1.5.0.jar;F:\AppData\MavenRepository\com\vaadin\external\google\android-json\0.0.20131108.vaadin1\android-json-0.0.20131108.vaadin1.jar;F:\AppData\MavenRepository\org\springframework\spring-core\5.3.7\spring-core-5.3.7.jar;F:\AppData\MavenRepository\org\springframework\spring-jcl\5.3.7\spring-jcl-5.3.7.jar;F:\AppData\MavenRepository\org\springframework\spring-test\5.3.7\spring-test-5.3.7.jar;F:\AppData\MavenRepository\org\xmlunit\xmlunit-core\2.8.2\xmlunit-core-2.8.2.jar;F:\AppData\MavenRepository\org\mybatis\spring\boot\mybatis-spring-boot-starter\2.2.2\mybatis-spring-boot-starter-2.2.2.jar;F:\AppData\MavenRepository\org\springframework\boot\spring-boot-starter-jdbc\2.5.0\spring-boot-starter-jdbc-2.5.0.jar;F:\AppData\MavenRepository\com\zaxxer\HikariCP\4.0.3\HikariCP-4.0.3.jar;F:\AppData\MavenRepository\org\springframework\spring-jdbc\5.3.7\spring-jdbc-5.3.7.jar;F:\AppData\MavenRepository\org\mybatis\spring\boot\mybatis-spring-boot-autoconfigure\2.2.2\mybatis-spring-boot-autoconfigure-2.2.2.jar;F:\AppData\MavenRepository\org\mybatis\mybatis\3.5.9\mybatis-3.5.9.jar;F:\AppData\MavenRepository\org\mybatis\mybatis-spring\2.0.7\mybatis-spring-2.0.7.jar;F:\AppData\MavenRepository\com\baomidou\mybatis-plus-boot-starter\3.5.2\mybatis-plus-boot-starter-3.5.2.jar;F:\AppData\MavenRepository\com\baomidou\mybatis-plus\3.5.2\mybatis-plus-3.5.2.jar;F:\AppData\MavenRepository\org\jetbrains\kotlin\kotlin-stdlib-jdk8\1.5.0\kotlin-stdlib-jdk8-1.5.0.jar;F:\AppData\MavenRepository\org\jetbrains\kotlin\kotlin-stdlib\1.5.0\kotlin-stdlib-1.5.0.jar;F:\AppData\MavenRepository\org\jetbrains\annotations\13.0\annotations-13.0.jar;F:\AppData\MavenRepository\org\jetbrains\kotlin\kotlin-stdlib-common\1.5.0\kotlin-stdlib-common-1.5.0.jar;F:\AppData\MavenRepository\org\jetbrains\kotlin\kotlin-stdlib-jdk7\1.5.0\kotlin-stdlib-jdk7-1.5.0.jar;F:\AppData\MavenRepository\org\springframework\boot\spring-boot-autoconfigure\2.5.0\spring-boot-autoconfigure-2.5.0.jar;F:\AppData\MavenRepository\mysql\mysql-connector-java\8.0.25\mysql-connector-java-8.0.25.jar;F:\AppData\MavenRepository\io\jsonwebtoken\jjwt\0.9.1\jjwt-0.9.1.jar;F:\AppData\MavenRepository\com\fasterxml\jackson\core\jackson-databind\2.12.3\jackson-databind-2.12.3.jar;F:\AppData\MavenRepository\com\fasterxml\jackson\core\jackson-annotations\2.12.3\jackson-annotations-2.12.3.jar;F:\AppData\MavenRepository\com\fasterxml\jackson\core\jackson-core\2.12.3\jackson-core-2.12.3.jar;F:\AppData\MavenRepository\org\springframework\boot\spring-boot-starter-data-redis\2.5.0\spring-boot-starter-data-redis-2.5.0.jar;F:\AppData\MavenRepository\org\springframework\data\spring-data-redis\2.5.1\spring-data-redis-2.5.1.jar;F:\AppData\MavenRepository\org\springframework\data\spring-data-keyvalue\2.5.1\spring-data-keyvalue-2.5.1.jar;F:\AppData\MavenRepository\org\springframework\data\spring-data-commons\2.5.1\spring-data-commons-2.5.1.jar;F:\AppData\MavenRepository\org\springframework\spring-tx\5.3.7\spring-tx-5.3.7.jar;F:\AppData\MavenRepository\org\springframework\spring-oxm\5.3.7\spring-oxm-5.3.7.jar;F:\AppData\MavenRepository\org\springframework\spring-context-support\5.3.7\spring-context-support-5.3.7.jar;F:\AppData\MavenRepository\io\lettuce\lettuce-core\6.1.2.RELEASE\lettuce-core-6.1.2.RELEASE.jar;F:\AppData\MavenRepository\io\netty\netty-common\4.1.65.Final\netty-common-4.1.65.Final.jar;F:\AppData\MavenRepository\io\netty\netty-handler\4.1.65.Final\netty-handler-4.1.65.Final.jar;F:\AppData\MavenRepository\io\netty\netty-resolver\4.1.65.Final\netty-resolver-4.1.65.Final.jar;F:\AppData\MavenRepository\io\netty\netty-buffer\4.1.65.Final\netty-buffer-4.1.65.Final.jar;F:\AppData\MavenRepository\io\netty\netty-codec\4.1.65.Final\netty-codec-4.1.65.Final.jar;F:\AppData\MavenRepository\io\netty\netty-transport\4.1.65.Final\netty-transport-4.1.65.Final.jar;F:\AppData\MavenRepository\io\projectreactor\reactor-core\3.4.6\reactor-core-3.4.6.jar;F:\AppData\MavenRepository\org\reactivestreams\reactive-streams\1.0.3\reactive-streams-1.0.3.jar;F:\AppData\MavenRepository\org\springframework\boot\spring-boot-starter-actuator\2.5.0\spring-boot-starter-actuator-2.5.0.jar;F:\AppData\MavenRepository\org\springframework\boot\spring-boot-actuator-autoconfigure\2.5.0\spring-boot-actuator-autoconfigure-2.5.0.jar;F:\AppData\MavenRepository\org\springframework\boot\spring-boot-actuator\2.5.0\spring-boot-actuator-2.5.0.jar;F:\AppData\MavenRepository\io\micrometer\micrometer-core\1.7.0\micrometer-core-1.7.0.jar;F:\AppData\MavenRepository\org\hdrhistogram\HdrHistogram\2.1.12\HdrHistogram-2.1.12.jar;F:\AppData\MavenRepository\org\latencyutils\LatencyUtils\2.0.3\LatencyUtils-2.0.3.jar;F:\AppData\MavenRepository\de\codecentric\spring-boot-admin-starter-client\2.7.7\spring-boot-admin-starter-client-2.7.7.jar;F:\AppData\MavenRepository\de\codecentric\spring-boot-admin-client\2.7.7\spring-boot-admin-client-2.7.7.jar;F:\AppData\MavenRepository\org\springframework\boot\spring-boot-starter-security\2.5.0\spring-boot-starter-security-2.5.0.jar;F:\AppData\MavenRepository\org\springframework\spring-aop\5.3.7\spring-aop-5.3.7.jar;F:\AppData\MavenRepository\org\springframework\security\spring-security-config\5.5.0\spring-security-config-5.5.0.jar;F:\AppData\MavenRepository\org\springframework\security\spring-security-core\5.5.0\spring-security-core-5.5.0.jar;F:\AppData\MavenRepository\org\springframework\security\spring-security-web\5.5.0\spring-security-web-5.5.0.jar;F:\AppData\MavenRepository\com\baomidou\mybatis-plus-generator\3.4.1\mybatis-plus-generator-3.4.1.jar;F:\AppData\MavenRepository\com\baomidou\mybatis-plus-extension\3.4.1\mybatis-plus-extension-3.4.1.jar;F:\AppData\MavenRepository\com\baomidou\mybatis-plus-core\3.4.1\mybatis-plus-core-3.4.1.jar;F:\AppData\MavenRepository\com\baomidou\mybatis-plus-annotation\3.4.1\mybatis-plus-annotation-3.4.1.jar;F:\AppData\MavenRepository\com\github\jsqlparser\jsqlparser\3.2\jsqlparser-3.2.jar;F:\AppData\MavenRepository\org\freemarker\freemarker\2.3.31\freemarker-2.3.31.jar;F:\AppData\MavenRepository\com\qiniu\qiniu-java-sdk\7.7.0\qiniu-java-sdk-7.7.0.jar;F:\AppData\MavenRepository\com\squareup\okhttp3\okhttp\3.14.9\okhttp-3.14.9.jar;F:\AppData\MavenRepository\com\squareup\okio\okio\1.17.2\okio-1.17.2.jar;F:\AppData\MavenRepository\com\google\code\gson\gson\2.8.6\gson-2.8.6.jar;F:\AppData\MavenRepository\org\springframework\boot\spring-boot-starter-aop\2.5.0\spring-boot-starter-aop-2.5.0.jar;F:\AppData\MavenRepository\org\aspectj\aspectjweaver\1.9.6\aspectjweaver-1.9.6.jar;"/>
    <property name="java.vm.vendor" value="Oracle Corporation"/>
    <property name="sun.arch.data.model" value="64"/>
    <property name="user.variant" value=""/>
    <property name="java.vendor.url" value="http://java.oracle.com/"/>
    <property name="user.timezone" value="Asia/Shanghai"/>
    <property name="java.vm.specification.version" value="1.8"/>
    <property name="os.name" value="Windows 10"/>
    <property name="user.country" value="CN"/>
    <property name="sun.java.launcher" value="SUN_STANDARD"/>
    <property name="sun.boot.library.path" value="F:\Program Files\Java\jdk1.8.0_131\jre\bin"/>
    <property name="sun.java.command" value="C:\Users\54292\AppData\Local\Temp\surefire6645920094363687785\surefirebooter2627561704946248133.jar C:\Users\54292\AppData\Local\Temp\surefire6645920094363687785 2022-12-11T10-19-15_341-jvmRun1 surefire2950800084425322723tmp surefire_08153307747158589755tmp"/>
    <property name="surefire.test.class.path" value="G:\JavaThings\JavaCode\TyingVideoAPI\SpringBootWebBackend\target\test-classes;G:\JavaThings\JavaCode\TyingVideoAPI\SpringBootWebBackend\target\classes;F:\AppData\MavenRepository\org\springframework\boot\spring-boot-starter-web\2.5.0\spring-boot-starter-web-2.5.0.jar;F:\AppData\MavenRepository\org\springframework\boot\spring-boot-starter\2.5.0\spring-boot-starter-2.5.0.jar;F:\AppData\MavenRepository\org\springframework\boot\spring-boot\2.5.0\spring-boot-2.5.0.jar;F:\AppData\MavenRepository\org\springframework\boot\spring-boot-starter-logging\2.5.0\spring-boot-starter-logging-2.5.0.jar;F:\AppData\MavenRepository\ch\qos\logback\logback-classic\1.2.3\logback-classic-1.2.3.jar;F:\AppData\MavenRepository\ch\qos\logback\logback-core\1.2.3\logback-core-1.2.3.jar;F:\AppData\MavenRepository\org\apache\logging\log4j\log4j-to-slf4j\2.14.1\log4j-to-slf4j-2.14.1.jar;F:\AppData\MavenRepository\org\apache\logging\log4j\log4j-api\2.14.1\log4j-api-2.14.1.jar;F:\AppData\MavenRepository\org\slf4j\jul-to-slf4j\1.7.30\jul-to-slf4j-1.7.30.jar;F:\AppData\MavenRepository\jakarta\annotation\jakarta.annotation-api\1.3.5\jakarta.annotation-api-1.3.5.jar;F:\AppData\MavenRepository\org\yaml\snakeyaml\1.28\snakeyaml-1.28.jar;F:\AppData\MavenRepository\org\springframework\boot\spring-boot-starter-json\2.5.0\spring-boot-starter-json-2.5.0.jar;F:\AppData\MavenRepository\com\fasterxml\jackson\datatype\jackson-datatype-jdk8\2.12.3\jackson-datatype-jdk8-2.12.3.jar;F:\AppData\MavenRepository\com\fasterxml\jackson\datatype\jackson-datatype-jsr310\2.12.3\jackson-datatype-jsr310-2.12.3.jar;F:\AppData\MavenRepository\com\fasterxml\jackson\module\jackson-module-parameter-names\2.12.3\jackson-module-parameter-names-2.12.3.jar;F:\AppData\MavenRepository\org\springframework\boot\spring-boot-starter-tomcat\2.5.0\spring-boot-starter-tomcat-2.5.0.jar;F:\AppData\MavenRepository\org\apache\tomcat\embed\tomcat-embed-core\9.0.46\tomcat-embed-core-9.0.46.jar;F:\AppData\MavenRepository\org\apache\tomcat\embed\tomcat-embed-el\9.0.46\tomcat-embed-el-9.0.46.jar;F:\AppData\MavenRepository\org\apache\tomcat\embed\tomcat-embed-websocket\9.0.46\tomcat-embed-websocket-9.0.46.jar;F:\AppData\MavenRepository\org\springframework\spring-web\5.3.7\spring-web-5.3.7.jar;F:\AppData\MavenRepository\org\springframework\spring-beans\5.3.7\spring-beans-5.3.7.jar;F:\AppData\MavenRepository\org\springframework\spring-webmvc\5.3.7\spring-webmvc-5.3.7.jar;F:\AppData\MavenRepository\org\springframework\spring-context\5.3.7\spring-context-5.3.7.jar;F:\AppData\MavenRepository\org\springframework\spring-expression\5.3.7\spring-expression-5.3.7.jar;F:\AppData\MavenRepository\org\projectlombok\lombok\1.18.20\lombok-1.18.20.jar;F:\AppData\MavenRepository\org\springframework\boot\spring-boot-configuration-processor\2.5.0\spring-boot-configuration-processor-2.5.0.jar;F:\AppData\MavenRepository\org\springframework\boot\spring-boot-starter-test\2.5.0\spring-boot-starter-test-2.5.0.jar;F:\AppData\MavenRepository\org\springframework\boot\spring-boot-test\2.5.0\spring-boot-test-2.5.0.jar;F:\AppData\MavenRepository\org\springframework\boot\spring-boot-test-autoconfigure\2.5.0\spring-boot-test-autoconfigure-2.5.0.jar;F:\AppData\MavenRepository\com\jayway\jsonpath\json-path\2.5.0\json-path-2.5.0.jar;F:\AppData\MavenRepository\net\minidev\json-smart\2.4.7\json-smart-2.4.7.jar;F:\AppData\MavenRepository\net\minidev\accessors-smart\2.4.7\accessors-smart-2.4.7.jar;F:\AppData\MavenRepository\org\ow2\asm\asm\9.1\asm-9.1.jar;F:\AppData\MavenRepository\org\slf4j\slf4j-api\1.7.30\slf4j-api-1.7.30.jar;F:\AppData\MavenRepository\jakarta\xml\bind\jakarta.xml.bind-api\2.3.3\jakarta.xml.bind-api-2.3.3.jar;F:\AppData\MavenRepository\jakarta\activation\jakarta.activation-api\1.2.2\jakarta.activation-api-1.2.2.jar;F:\AppData\MavenRepository\org\assertj\assertj-core\3.19.0\assertj-core-3.19.0.jar;F:\AppData\MavenRepository\org\hamcrest\hamcrest\2.2\hamcrest-2.2.jar;F:\AppData\MavenRepository\org\junit\jupiter\junit-jupiter\5.7.2\junit-jupiter-5.7.2.jar;F:\AppData\MavenRepository\org\junit\jupiter\junit-jupiter-api\5.7.2\junit-jupiter-api-5.7.2.jar;F:\AppData\MavenRepository\org\apiguardian\apiguardian-api\1.1.0\apiguardian-api-1.1.0.jar;F:\AppData\MavenRepository\org\opentest4j\opentest4j\1.2.0\opentest4j-1.2.0.jar;F:\AppData\MavenRepository\org\junit\platform\junit-platform-commons\1.7.2\junit-platform-commons-1.7.2.jar;F:\AppData\MavenRepository\org\junit\jupiter\junit-jupiter-params\5.7.2\junit-jupiter-params-5.7.2.jar;F:\AppData\MavenRepository\org\junit\jupiter\junit-jupiter-engine\5.7.2\junit-jupiter-engine-5.7.2.jar;F:\AppData\MavenRepository\org\junit\platform\junit-platform-engine\1.7.2\junit-platform-engine-1.7.2.jar;F:\AppData\MavenRepository\org\mockito\mockito-core\3.9.0\mockito-core-3.9.0.jar;F:\AppData\MavenRepository\net\bytebuddy\byte-buddy\1.10.22\byte-buddy-1.10.22.jar;F:\AppData\MavenRepository\net\bytebuddy\byte-buddy-agent\1.10.22\byte-buddy-agent-1.10.22.jar;F:\AppData\MavenRepository\org\objenesis\objenesis\3.2\objenesis-3.2.jar;F:\AppData\MavenRepository\org\mockito\mockito-junit-jupiter\3.9.0\mockito-junit-jupiter-3.9.0.jar;F:\AppData\MavenRepository\org\skyscreamer\jsonassert\1.5.0\jsonassert-1.5.0.jar;F:\AppData\MavenRepository\com\vaadin\external\google\android-json\0.0.20131108.vaadin1\android-json-0.0.20131108.vaadin1.jar;F:\AppData\MavenRepository\org\springframework\spring-core\5.3.7\spring-core-5.3.7.jar;F:\AppData\MavenRepository\org\springframework\spring-jcl\5.3.7\spring-jcl-5.3.7.jar;F:\AppData\MavenRepository\org\springframework\spring-test\5.3.7\spring-test-5.3.7.jar;F:\AppData\MavenRepository\org\xmlunit\xmlunit-core\2.8.2\xmlunit-core-2.8.2.jar;F:\AppData\MavenRepository\org\mybatis\spring\boot\mybatis-spring-boot-starter\2.2.2\mybatis-spring-boot-starter-2.2.2.jar;F:\AppData\MavenRepository\org\springframework\boot\spring-boot-starter-jdbc\2.5.0\spring-boot-starter-jdbc-2.5.0.jar;F:\AppData\MavenRepository\com\zaxxer\HikariCP\4.0.3\HikariCP-4.0.3.jar;F:\AppData\MavenRepository\org\springframework\spring-jdbc\5.3.7\spring-jdbc-5.3.7.jar;F:\AppData\MavenRepository\org\mybatis\spring\boot\mybatis-spring-boot-autoconfigure\2.2.2\mybatis-spring-boot-autoconfigure-2.2.2.jar;F:\AppData\MavenRepository\org\mybatis\mybatis\3.5.9\mybatis-3.5.9.jar;F:\AppData\MavenRepository\org\mybatis\mybatis-spring\2.0.7\mybatis-spring-2.0.7.jar;F:\AppData\MavenRepository\com\baomidou\mybatis-plus-boot-starter\3.5.2\mybatis-plus-boot-starter-3.5.2.jar;F:\AppData\MavenRepository\com\baomidou\mybatis-plus\3.5.2\mybatis-plus-3.5.2.jar;F:\AppData\MavenRepository\org\jetbrains\kotlin\kotlin-stdlib-jdk8\1.5.0\kotlin-stdlib-jdk8-1.5.0.jar;F:\AppData\MavenRepository\org\jetbrains\kotlin\kotlin-stdlib\1.5.0\kotlin-stdlib-1.5.0.jar;F:\AppData\MavenRepository\org\jetbrains\annotations\13.0\annotations-13.0.jar;F:\AppData\MavenRepository\org\jetbrains\kotlin\kotlin-stdlib-common\1.5.0\kotlin-stdlib-common-1.5.0.jar;F:\AppData\MavenRepository\org\jetbrains\kotlin\kotlin-stdlib-jdk7\1.5.0\kotlin-stdlib-jdk7-1.5.0.jar;F:\AppData\MavenRepository\org\springframework\boot\spring-boot-autoconfigure\2.5.0\spring-boot-autoconfigure-2.5.0.jar;F:\AppData\MavenRepository\mysql\mysql-connector-java\8.0.25\mysql-connector-java-8.0.25.jar;F:\AppData\MavenRepository\io\jsonwebtoken\jjwt\0.9.1\jjwt-0.9.1.jar;F:\AppData\MavenRepository\com\fasterxml\jackson\core\jackson-databind\2.12.3\jackson-databind-2.12.3.jar;F:\AppData\MavenRepository\com\fasterxml\jackson\core\jackson-annotations\2.12.3\jackson-annotations-2.12.3.jar;F:\AppData\MavenRepository\com\fasterxml\jackson\core\jackson-core\2.12.3\jackson-core-2.12.3.jar;F:\AppData\MavenRepository\org\springframework\boot\spring-boot-starter-data-redis\2.5.0\spring-boot-starter-data-redis-2.5.0.jar;F:\AppData\MavenRepository\org\springframework\data\spring-data-redis\2.5.1\spring-data-redis-2.5.1.jar;F:\AppData\MavenRepository\org\springframework\data\spring-data-keyvalue\2.5.1\spring-data-keyvalue-2.5.1.jar;F:\AppData\MavenRepository\org\springframework\data\spring-data-commons\2.5.1\spring-data-commons-2.5.1.jar;F:\AppData\MavenRepository\org\springframework\spring-tx\5.3.7\spring-tx-5.3.7.jar;F:\AppData\MavenRepository\org\springframework\spring-oxm\5.3.7\spring-oxm-5.3.7.jar;F:\AppData\MavenRepository\org\springframework\spring-context-support\5.3.7\spring-context-support-5.3.7.jar;F:\AppData\MavenRepository\io\lettuce\lettuce-core\6.1.2.RELEASE\lettuce-core-6.1.2.RELEASE.jar;F:\AppData\MavenRepository\io\netty\netty-common\4.1.65.Final\netty-common-4.1.65.Final.jar;F:\AppData\MavenRepository\io\netty\netty-handler\4.1.65.Final\netty-handler-4.1.65.Final.jar;F:\AppData\MavenRepository\io\netty\netty-resolver\4.1.65.Final\netty-resolver-4.1.65.Final.jar;F:\AppData\MavenRepository\io\netty\netty-buffer\4.1.65.Final\netty-buffer-4.1.65.Final.jar;F:\AppData\MavenRepository\io\netty\netty-codec\4.1.65.Final\netty-codec-4.1.65.Final.jar;F:\AppData\MavenRepository\io\netty\netty-transport\4.1.65.Final\netty-transport-4.1.65.Final.jar;F:\AppData\MavenRepository\io\projectreactor\reactor-core\3.4.6\reactor-core-3.4.6.jar;F:\AppData\MavenRepository\org\reactivestreams\reactive-streams\1.0.3\reactive-streams-1.0.3.jar;F:\AppData\MavenRepository\org\springframework\boot\spring-boot-starter-actuator\2.5.0\spring-boot-starter-actuator-2.5.0.jar;F:\AppData\MavenRepository\org\springframework\boot\spring-boot-actuator-autoconfigure\2.5.0\spring-boot-actuator-autoconfigure-2.5.0.jar;F:\AppData\MavenRepository\org\springframework\boot\spring-boot-actuator\2.5.0\spring-boot-actuator-2.5.0.jar;F:\AppData\MavenRepository\io\micrometer\micrometer-core\1.7.0\micrometer-core-1.7.0.jar;F:\AppData\MavenRepository\org\hdrhistogram\HdrHistogram\2.1.12\HdrHistogram-2.1.12.jar;F:\AppData\MavenRepository\org\latencyutils\LatencyUtils\2.0.3\LatencyUtils-2.0.3.jar;F:\AppData\MavenRepository\de\codecentric\spring-boot-admin-starter-client\2.7.7\spring-boot-admin-starter-client-2.7.7.jar;F:\AppData\MavenRepository\de\codecentric\spring-boot-admin-client\2.7.7\spring-boot-admin-client-2.7.7.jar;F:\AppData\MavenRepository\org\springframework\boot\spring-boot-starter-security\2.5.0\spring-boot-starter-security-2.5.0.jar;F:\AppData\MavenRepository\org\springframework\spring-aop\5.3.7\spring-aop-5.3.7.jar;F:\AppData\MavenRepository\org\springframework\security\spring-security-config\5.5.0\spring-security-config-5.5.0.jar;F:\AppData\MavenRepository\org\springframework\security\spring-security-core\5.5.0\spring-security-core-5.5.0.jar;F:\AppData\MavenRepository\org\springframework\security\spring-security-web\5.5.0\spring-security-web-5.5.0.jar;F:\AppData\MavenRepository\com\baomidou\mybatis-plus-generator\3.4.1\mybatis-plus-generator-3.4.1.jar;F:\AppData\MavenRepository\com\baomidou\mybatis-plus-extension\3.4.1\mybatis-plus-extension-3.4.1.jar;F:\AppData\MavenRepository\com\baomidou\mybatis-plus-core\3.4.1\mybatis-plus-core-3.4.1.jar;F:\AppData\MavenRepository\com\baomidou\mybatis-plus-annotation\3.4.1\mybatis-plus-annotation-3.4.1.jar;F:\AppData\MavenRepository\com\github\jsqlparser\jsqlparser\3.2\jsqlparser-3.2.jar;F:\AppData\MavenRepository\org\freemarker\freemarker\2.3.31\freemarker-2.3.31.jar;F:\AppData\MavenRepository\com\qiniu\qiniu-java-sdk\7.7.0\qiniu-java-sdk-7.7.0.jar;F:\AppData\MavenRepository\com\squareup\okhttp3\okhttp\3.14.9\okhttp-3.14.9.jar;F:\AppData\MavenRepository\com\squareup\okio\okio\1.17.2\okio-1.17.2.jar;F:\AppData\MavenRepository\com\google\code\gson\gson\2.8.6\gson-2.8.6.jar;F:\AppData\MavenRepository\org\springframework\boot\spring-boot-starter-aop\2.5.0\spring-boot-starter-aop-2.5.0.jar;F:\AppData\MavenRepository\org\aspectj\aspectjweaver\1.9.6\aspectjweaver-1.9.6.jar;"/>
    <property name="sun.cpu.endian" value="little"/>
    <property name="user.home" value="C:\Users\54292"/>
    <property name="user.language" value="zh"/>
    <property name="java.specification.vendor" value="Oracle Corporation"/>
    <property name="java.home" value="F:\Program Files\Java\jdk1.8.0_131\jre"/>
    <property name="basedir" value="G:\JavaThings\JavaCode\TyingVideoAPI\SpringBootWebBackend"/>
    <property name="file.separator" value="\"/>
    <property name="line.separator" value="&#10;"/>
    <property name="java.vm.specification.vendor" value="Oracle Corporation"/>
    <property name="java.specification.name" value="Java Platform API Specification"/>
    <property name="java.awt.graphicsenv" value="sun.awt.Win32GraphicsEnvironment"/>
    <property name="surefire.real.class.path" value="C:\Users\54292\AppData\Local\Temp\surefire6645920094363687785\surefirebooter2627561704946248133.jar"/>
    <property name="sun.boot.class.path" value="F:\Program Files\Java\jdk1.8.0_131\jre\lib\resources.jar;F:\Program Files\Java\jdk1.8.0_131\jre\lib\rt.jar;F:\Program Files\Java\jdk1.8.0_131\jre\lib\sunrsasign.jar;F:\Program Files\Java\jdk1.8.0_131\jre\lib\jsse.jar;F:\Program Files\Java\jdk1.8.0_131\jre\lib\jce.jar;F:\Program Files\Java\jdk1.8.0_131\jre\lib\charsets.jar;F:\Program Files\Java\jdk1.8.0_131\jre\lib\jfr.jar;F:\Program Files\Java\jdk1.8.0_131\jre\classes"/>
    <property name="user.script" value=""/>
    <property name="sun.management.compiler" value="HotSpot 64-Bit Tiered Compilers"/>
    <property name="java.runtime.version" value="1.8.0_131-b11"/>
    <property name="user.name" value="54292"/>
    <property name="path.separator" value=";"/>
    <property name="os.version" value="10.0"/>
    <property name="java.endorsed.dirs" value="F:\Program Files\Java\jdk1.8.0_131\jre\lib\endorsed"/>
    <property name="java.runtime.name" value="Java(TM) SE Runtime Environment"/>
    <property name="file.encoding" value="GBK"/>
    <property name="java.vm.name" value="Java HotSpot(TM) 64-Bit Server VM"/>
    <property name="localRepository" value="F:\AppData\MavenRepository"/>
    <property name="java.vendor.url.bug" value="http://bugreport.sun.com/bugreport/"/>
    <property name="java.io.tmpdir" value="C:\Users\54292\AppData\Local\Temp\"/>
    <property name="idea.version" value="2022.1"/>
    <property name="java.version" value="1.8.0_131"/>
    <property name="user.dir" value="G:\JavaThings\JavaCode\TyingVideoAPI\SpringBootWebBackend"/>
    <property name="os.arch" value="amd64"/>
    <property name="java.vm.specification.name" value="Java Virtual Machine Specification"/>
    <property name="java.awt.printerjob" value="sun.awt.windows.WPrinterJob"/>
    <property name="sun.os.patch.level" value=""/>
    <property name="java.library.path" value="F:\Program Files\Java\jdk1.8.0_131\jre\bin;C:\WINDOWS\Sun\Java\bin;C:\WINDOWS\system32;C:\WINDOWS;F:\ImageMagick-7.0.10-Q16-HDRI;C:\WINDOWS\system32;C:\WINDOWS;C:\WINDOWS\System32\Wbem;C:\WINDOWS\System32\WindowsPowerShell\v1.0\;C:\WINDOWS\System32\OpenSSH\;C:\Program Files\nodejs\;C:\ProgramData\chocolatey\bin;C:\Program Files (x86)\Microsoft Visual Studio\2019\BuildTools\VC\Tools\MSVC\14.26.28801\bin\Hostx64\x64;C:\Program Files\Microsoft VS Code\bin;C:\Program Files\Microsoft SQL Server\130\Tools\Binn\;C:\Program Files\Microsoft SQL Server\Client SDK\ODBC\170\Tools\Binn\;F:\Git\cmd;C:\Program Files (x86)\Microsoft SQL Server\150\Tools\Binn\;C:\Program Files\Microsoft SQL Server\150\Tools\Binn\;C:\Program Files\Microsoft SQL Server\150\DTS\Binn\;C:\Program Files\Microsoft\Web Platform Installer\;F:\TortoiseSVN\bin;F:\Qt\6.0.3\msvc2019_64\bin;C:\Program Files (x86)\Microsoft SQL Server\150\DTS\Binn\;C:\Program Files\Azure Data Studio\bin;C:\Windows\Microsoft.NET\Framework\v4.0.30319;F:\SQLite;C:\Program Files\dotnet\;F:\AppData\HarmonyOs\Sdk\toolchains\3.1.1.1\;C:\mingw64\bin\;F:\Microsoft Visual Studio Code\VSCode_Clang\LLVM\bin;F:\Program Files (x86)\NetSarang\Xshell 7\;F:\Program Files (x86)\NetSarang\Xftp 7\;F:\AppData\Android\sdk\platform-tools\;F:\Program Files\Java\jdk1.8.0_131\bin;F:\apache-maven-3.8.6\bin;F:\apache-tomcat-10.0.27\bin;C:\Users\54292\AppData\Local\Programs\Python\Python38-32\Scripts\;C:\Users\54292\AppData\Local\Programs\Python\Python38-32\;C:\Users\54292\AppData\Local\Microsoft\WindowsApps;C:\Users\54292\AppData\Roaming\npm;C:\MinGW\bin;F:\JetBrains\PyCharm Community Edition 2020.2\bin;;C:\Users\54292\AppData\Local\Microsoft\WindowsApps;C:\Program Files\Azure Data Studio\bin;F:\SQLite;C:\Users\54292\.dotnet\tools;F:\mysql-5.7.19-winx64\bin;;F:\Program Files\Fiddler;."/>
    <property name="java.vm.info" value="mixed mode"/>
    <property name="java.vendor" value="Oracle Corporation"/>
    <property name="java.vm.version" value="25.131-b11"/>
    <property name="java.ext.dirs" value="F:\Program Files\Java\jdk1.8.0_131\jre\lib\ext;C:\WINDOWS\Sun\Java\lib\ext"/>
    <property name="sun.io.unicode.encoding" value="UnicodeLittle"/>
    <property name="java.class.version" value="52.0"/>
  </properties>
  <testcase name="generate" classname="com.tying.CodeGeneratorTest" time="4.203">
    <error message="com.mysql.cj.jdbc.exceptions.CommunicationsException: Communications link failure&#10;&#10;The last packet sent successfully to the server was 0 milliseconds ago. The driver has not received any packets from the server." type="java.lang.RuntimeException">java.lang.RuntimeException: 
com.mysql.cj.jdbc.exceptions.CommunicationsException: Communications link failure

The last packet sent successfully to the server was 0 milliseconds ago. The driver has not received any packets from the server.
	at com.tying.CodeGeneratorTest.generate(CodeGeneratorTest.java:66)
Caused by: com.mysql.cj.jdbc.exceptions.CommunicationsException: 
Communications link failure

The last packet sent successfully to the server was 0 milliseconds ago. The driver has not received any packets from the server.
	at com.tying.CodeGeneratorTest.generate(CodeGeneratorTest.java:66)
Caused by: com.mysql.cj.exceptions.CJCommunicationsException: 
Communications link failure

The last packet sent successfully to the server was 0 milliseconds ago. The driver has not received any packets from the server.
	at com.tying.CodeGeneratorTest.generate(CodeGeneratorTest.java:66)
Caused by: java.net.ConnectException: Connection refused: connect
	at com.tying.CodeGeneratorTest.generate(CodeGeneratorTest.java:66)
</error>
    <system-out><![CDATA[10:19:16.340 [main] DEBUG com.baomidou.mybatisplus.generator.AutoGenerator - ==========================准备生成文件...==========================
]]></system-out>
  </testcase>
</testsuite>